<?xml version="1.0" encoding="UTF-8"?>
<!-- Generated by org.testng.reporters.JUnitXMLReporter -->
<testsuite hostname="LAPTOP-D9ECK8R7" ignored="0" name="D:/code/java_web_frame" tests="13" failures="1" timestamp="2021-05-26T15:40:34 CST" time="75.466" errors="0">
  <testcase name="testInvestSuccess" time="12.602" classname="com.yike.testcases.TestInvest"/>
  <testcase name="testLoginSuccess" time="1.308" classname="com.yike.testcases.TestLogin"/>
  <testcase name="testPhoneWrongFormatAndEmptyPwd" time="0.855" classname="com.yike.testcases.TestLogin">
    <failure type="java.lang.AssertionError" message="expected [请输入手机] but found [请输入手机号]">
      <![CDATA[java.lang.AssertionError: expected [请输入手机] but found [请输入手机号]
at org.testng.Assert.fail(Assert.java:97)
at org.testng.Assert.assertEqualsImpl(Assert.java:136)
at org.testng.Assert.assertEquals(Assert.java:118)
at org.testng.Assert.assertEquals(Assert.java:575)
at org.testng.Assert.assertEquals(Assert.java:585)
at com.yike.base.Assertion.myAssertEquals(Assertion.java:56)
at com.yike.testcases.TestLogin.testPhoneWrongFormatAndEmptyPwd(TestLogin.java:48)
at sun.reflect.NativeMethodAccessorImpl.invoke0(Native Method)
at sun.reflect.NativeMethodAccessorImpl.invoke(NativeMethodAccessorImpl.java:62)
at sun.reflect.DelegatingMethodAccessorImpl.invoke(DelegatingMethodAccessorImpl.java:43)
at java.lang.reflect.Method.invoke(Method.java:498)
at org.testng.internal.MethodInvocationHelper.invokeMethod(MethodInvocationHelper.java:133)
at org.testng.internal.MethodInvocationHelper$1.runTestMethod(MethodInvocationHelper.java:239)
at com.yike.listener.TestFailListener.run(TestFailListener.java:22)
at org.testng.internal.MethodInvocationHelper.invokeHookable(MethodInvocationHelper.java:251)
at org.testng.internal.TestInvoker.invokeMethod(TestInvoker.java:580)
at org.testng.internal.TestInvoker.invokeTestMethod(TestInvoker.java:172)
at org.testng.internal.MethodRunner.runInSequence(MethodRunner.java:46)
at org.testng.internal.TestInvoker$MethodInvocationAgent.invoke(TestInvoker.java:804)
at org.testng.internal.TestInvoker.invokeTestMethods(TestInvoker.java:145)
at org.testng.internal.TestMethodWorker.invokeTestMethods(TestMethodWorker.java:146)
at org.testng.internal.TestMethodWorker.run(TestMethodWorker.java:128)
at java.util.ArrayList.forEach(ArrayList.java:1257)
at org.testng.TestRunner.privateRun(TestRunner.java:770)
at org.testng.TestRunner.run(TestRunner.java:591)
at org.testng.SuiteRunner.runTest(SuiteRunner.java:402)
at org.testng.SuiteRunner.runSequentially(SuiteRunner.java:396)
at org.testng.SuiteRunner.privateRun(SuiteRunner.java:355)
at org.testng.SuiteRunner.run(SuiteRunner.java:304)
at org.testng.SuiteRunnerWorker.runSuite(SuiteRunnerWorker.java:53)
at org.testng.SuiteRunnerWorker.run(SuiteRunnerWorker.java:96)
at org.testng.TestNG.runSuitesSequentially(TestNG.java:1180)
at org.testng.TestNG.runSuitesLocally(TestNG.java:1102)
at org.testng.TestNG.runSuites(TestNG.java:1032)
at org.testng.TestNG.run(TestNG.java:1000)
at org.apache.maven.surefire.testng.TestNGExecutor.run(TestNGExecutor.java:283)
at org.apache.maven.surefire.testng.TestNGXmlTestSuite.execute(TestNGXmlTestSuite.java:75)
at org.apache.maven.surefire.testng.TestNGProvider.invoke(TestNGProvider.java:120)
at org.apache.maven.surefire.booter.ForkedBooter.invokeProviderInSameClassLoader(ForkedBooter.java:384)
at org.apache.maven.surefire.booter.ForkedBooter.runSuitesInProcess(ForkedBooter.java:345)
at org.apache.maven.surefire.booter.ForkedBooter.execute(ForkedBooter.java:126)
at org.apache.maven.surefire.booter.ForkedBooter.main(ForkedBooter.java:418)
]]>
    </failure>
  </testcase> <!-- testPhoneWrongFormatAndEmptyPwd -->
  <testcase name="testPhoneWrongFormatAndEmptyPwd" time="0.312" classname="com.yike.testcases.TestLogin"/>
  <testcase name="testPhoneWrongFormatAndEmptyPwd" time="0.348" classname="com.yike.testcases.TestLogin"/>
  <testcase name="testPhoneWrongFormatAndEmptyPwd" time="0.344" classname="com.yike.testcases.TestLogin"/>
  <testcase name="testPhoneWrongFormatAndEmptyPwd" time="0.328" classname="com.yike.testcases.TestLogin"/>
  <testcase name="testPhoneWrongFormatAndEmptyPwd" time="0.295" classname="com.yike.testcases.TestLogin"/>
  <testcase name="testPhoneUnregisterAndWrongPwd" time="0.982" classname="com.yike.testcases.TestLogin"/>
  <testcase name="testPhoneUnregisterAndWrongPwd" time="0.935" classname="com.yike.testcases.TestLogin"/>
  <testcase name="testPhoneUnregisterAndWrongPwd" time="0.558" classname="com.yike.testcases.TestLogin"/>
  <testcase name="testPhoneUnregisterAndWrongPwd" time="0.528" classname="com.yike.testcases.TestLogin"/>
  <testcase name="testPhoneUnregisterAndWrongPwd" time="1.024" classname="com.yike.testcases.TestLogin"/>
</testsuite> <!-- D:/code/java_web_frame -->
